[2024-09-28 10:43:01.7364144] Console created
[2024-09-28 10:43:01.7368639] UE4SS - v3.0.1 Beta #0 - Git SHA #54a7d371
[2024-09-28 10:43:01.7444346] Setting up mods...
[2024-09-28 10:43:01.7558965] Starting mods (from mods.txt load order)...
[2024-09-28 10:43:01.7563679] Starting C++ mod 'AllowModsMod'
[2024-09-28 10:43:01.7564005] [AllowModsMod]: Init.
[2024-09-28 10:43:02.5279962] [AllowModsMod]: Delegate found and patched.
[2024-09-28 10:43:02.5280902] Starting mods (from enabled.txt, no defined load order)...
[2024-09-28 10:43:02.5284747] No specific game configuration found, using default configuration file
[2024-09-28 10:43:02.5284855] Config: C:\Program Files (x86)\Steam\steamapps\common\Remnant2\Remnant2\Binaries\Win64\UE4SS-settings.ini

[2024-09-28 10:43:02.5284915] root directory: C:\Program Files (x86)\Steam\steamapps\common\Remnant2\Remnant2\Binaries\Win64
[2024-09-28 10:43:02.5284965] working directory: C:\Program Files (x86)\Steam\steamapps\common\Remnant2\Remnant2\Binaries\Win64
[2024-09-28 10:43:02.5285012] game executable directory: C:\Program Files (x86)\Steam\steamapps\common\Remnant2\Remnant2\Binaries\Win64
[2024-09-28 10:43:02.5285442] game executable: C:\Program Files (x86)\Steam\steamapps\common\Remnant2\Remnant2\Binaries\Win64\Remnant2-Win64-Shipping.exe (134143256 bytes)


[2024-09-28 10:43:02.5285526] mods directory: C:\Program Files (x86)\Steam\steamapps\common\Remnant2\Remnant2\Binaries\Win64\Mods
[2024-09-28 10:43:02.5285613] log directory: C:\Program Files (x86)\Steam\steamapps\common\Remnant2\Remnant2\Binaries\Win64
[2024-09-28 10:43:02.5285663] object dumper directory: C:\Program Files (x86)\Steam\steamapps\common\Remnant2\Remnant2\Binaries\Win64


[2024-09-28 10:43:02.5501201] PS Scan attempt 1
[2024-09-28 10:43:02.5508445] [PS] Reading image
[2024-09-28 10:43:02.5557484] [PS] Starting scan
[2024-09-28 10:43:03.4303866] [PS] Scan finished in 873.516ms
[2024-09-28 10:43:03.4308831] [PS] Found GUObjectArray: 0x7ff70bce8840
[2024-09-28 10:43:03.4308979] [PS] Found GMalloc: 0x7ff70bc08c88
[2024-09-28 10:43:03.4309042] [PS] Found FName::ToString: 0x7ff706973d30
[2024-09-28 10:43:03.4309116] [PS] Found FName::FName(wchar_t*): 0x7ff706965ba0
[2024-09-28 10:43:03.4309170] [PS] Found StaticConstructObject_Internal: 0x7ff706b31080
[2024-09-28 10:43:03.4309222] [PS] Found FText::FText(FString&&): 0x7ff70688f920
[2024-09-28 10:43:03.4309320] PS scan successful
[2024-09-28 10:43:03.4432394] Need to construct: /Script/CoreUObject.Class
[2024-09-28 10:43:03.4432918] Need to construct: /Script/CoreUObject
[2024-09-28 10:43:03.4433024] Need to construct: /Script/CoreUObject.Struct
[2024-09-28 10:43:03.4433104] Need to construct: /Script/Engine.Pawn
[2024-09-28 10:43:03.4433173] Need to construct: /Script/Engine.Character
[2024-09-28 10:43:03.4433252] Need to construct: /Script/Engine.Actor
[2024-09-28 10:43:03.4433325] Need to construct: /Script/CoreUObject.Vector
[2024-09-28 10:43:03.4433417] Need to construct: /Script/Engine.Default__DefaultPawn
[2024-09-28 10:43:03.4433492] Need to construct: /Script/Engine.HitResult
[2024-09-28 10:43:03.4433558] Need to construct: /Script/Engine.Default__MaterialExpression
[2024-09-28 10:43:03.4433651] Need to construct: /Script/Engine.ActorComponent
[2024-09-28 10:43:03.4433777] Need to construct: /Script/CoreUObject.OrientedBox
[2024-09-28 10:43:03.4433871] Need to construct: /Script/Engine.MovementComponent
[2024-09-28 10:43:03.4433941] Need to construct: /Script/Engine.HUD
[2024-09-28 10:43:03.4434033] Need to construct: /Script/Engine.PlayerController
[2024-09-28 10:43:03.4434196] Need to construct: /Script/Engine.PlayerCameraManager
[2024-09-28 10:43:03.4434338] Need to construct: /Script/CoreUObject.EInterpCurveMode
[2024-09-28 10:43:03.4434424] Need to construct: /Script/Engine.ENetRole
[2024-09-28 10:43:03.4434472] Need to construct: /Script/MovieScene.MovieSceneEditorData
[2024-09-28 10:43:03.4434516] Need to construct: /Script/UMG.Widget
[2024-09-28 10:43:03.4434575] Need to construct: /Script/UMG.ComboBoxString
[2024-09-28 10:43:03.4434621] Need to construct: /Script/CoreUObject.Interface
[2024-09-28 10:43:03.4435080] Need to construct: /Script/CoreUObject.DynamicClass
[2024-09-28 10:43:04.7294712] Constructed [1 / 23]: /Script/CoreUObject.Class
[2024-09-28 10:43:04.7294921] Constructed [2 / 23]: /Script/CoreUObject
[2024-09-28 10:43:04.7303188] Constructed [3 / 23]: /Script/CoreUObject.Struct
[2024-09-28 10:43:04.7312002] Constructed [4 / 23]: /Script/Engine.Pawn
[2024-09-28 10:43:04.7320256] Constructed [5 / 23]: /Script/Engine.Character
[2024-09-28 10:43:04.7320611] Constructed [6 / 23]: /Script/Engine.Actor
[2024-09-28 10:43:04.7501029] Constructed [7 / 23]: /Script/Engine.ActorComponent
[2024-09-28 10:43:04.7551535] Constructed [8 / 23]: /Script/Engine.MovementComponent
[2024-09-28 10:43:04.7565028] Constructed [9 / 23]: /Script/Engine.HUD
[2024-09-28 10:43:04.7583246] Constructed [10 / 23]: /Script/Engine.PlayerController
[2024-09-28 10:43:04.7617214] Constructed [11 / 23]: /Script/Engine.PlayerCameraManager
[2024-09-28 10:43:04.7748312] Constructed [12 / 23]: /Script/UMG.Widget
[2024-09-28 10:43:04.7782476] Constructed [13 / 23]: /Script/UMG.ComboBoxString
[2024-09-28 10:43:04.7782862] Constructed [14 / 23]: /Script/CoreUObject.Interface
[2024-09-28 10:43:04.7820795] Constructed [15 / 23]: /Script/CoreUObject.DynamicClass
[2024-09-28 10:43:06.0200586] Constructed [16 / 23]: /Script/Engine.HitResult
[2024-09-28 10:43:06.0543188] Constructed [17 / 23]: /Script/CoreUObject.OrientedBox
[2024-09-28 10:43:06.0619452] Constructed [18 / 23]: /Script/CoreUObject.EInterpCurveMode
[2024-09-28 10:43:06.0780590] Constructed [19 / 23]: /Script/Engine.ENetRole
[2024-09-28 10:43:06.0984573] Constructed [20 / 23]: /Script/MovieScene.MovieSceneEditorData
[2024-09-28 10:43:06.3534644] Constructed [21 / 23]: /Script/CoreUObject.Vector
[2024-09-28 10:43:06.4541774] Constructed [22 / 23]: /Script/Engine.Default__MaterialExpression
[2024-09-28 10:43:07.3500369] Constructed [23 / 23]: /Script/Engine.Default__DefaultPawn
[2024-09-28 10:43:07.7682605] ProcessEvent address 0x7ff706b058b0
[2024-09-28 10:43:07.7685518] Constructed 23 of 23 objects
[2024-09-28 10:43:07.9168427] ProcessInternal address: 0x7ff706b05cf0 <- Built-in
[2024-09-28 10:43:07.9174975] ProcessLocalScriptFunction address: 0x7ff706b05da0 <- Built-in
[2024-09-28 10:43:07.9176932] UnrealConfig.FExecVTableOffsetInLocalPlayer: 28
[2024-09-28 10:43:07.9235879] Adding GUObjectArray listeners
[2024-09-28 10:43:07.9236456] Unreal Engine modules (non-modular):
[2024-09-28 10:43:07.9236625] MainExe @ 0x7ff704320000 size=0x837e000
[2024-09-28 10:43:07.9239032] 
##### MEMBER OFFSETS START #####

[2024-09-28 10:43:07.9239306] UObjectBase::ClassPrivate = 0x10
[2024-09-28 10:43:07.9239404] UObjectBase::bFindCameraComponentWhenViewTarget = 0x5A
[2024-09-28 10:43:07.9239484] UObjectBase::InternalIndex = 0xC
[2024-09-28 10:43:07.9239566] UObjectBase::EngineShowFlags = 0xB8
[2024-09-28 10:43:07.9239638] UObjectBase::AutoReceiveInput = 0x153
[2024-09-28 10:43:07.9239710] UObjectBase::World = 0x78
[2024-09-28 10:43:07.9239787] UObjectBase::ObjectFlags = 0x8
[2024-09-28 10:43:07.9239865] UObjectBase::OnEndCursorOver = 0x1D6
[2024-09-28 10:43:07.9239928] UObjectBase::CustomTimeDilation = 0x64
[2024-09-28 10:43:07.9240003] UObjectBase::NamePrivate = 0x18
[2024-09-28 10:43:07.9240078] UObjectBase::bAllowTickBeforeBeginPlay = 0x5A
[2024-09-28 10:43:07.9240155] UObjectBase::bForceNetAddressable = 0x59
[2024-09-28 10:43:07.9240233] UObjectBase::InputPriority = 0x154
[2024-09-28 10:43:07.9240305] UObjectBase::OuterPrivate = 0x20
[2024-09-28 10:43:07.9240380] UObjectBase::bNetTemporary = 0x58
[2024-09-28 10:43:07.9240456] UObjectBase::ActorHasBegunPlay = 0x5D
[2024-09-28 10:43:07.9240530] UObjectBase::OnInputTouchEnd = 0x1DA
[2024-09-28 10:43:07.9240600] UObjectBase::bHasDeferredComponentRegistration = 0x5C
[2024-09-28 10:43:07.9240674] UObjectBase::AttachmentReplication = 0x70
[2024-09-28 10:43:07.9240745] UObjectBase::Children = 0x188
[2024-09-28 10:43:07.9240873] UObjectBase::DetachFence = 0x280
[2024-09-28 10:43:07.9240944] UObjectBase::CreationTime = 0x158
[2024-09-28 10:43:07.9241071] UObjectBase::DefaultUpdateOverlapsMethodDuringLevelStreaming = 0x5F
[2024-09-28 10:43:07.9241182] UObjectBase::InitialLifeSpan = 0x60
[2024-09-28 10:43:07.9241261] UObjectBase::Tags = 0x1C0
[2024-09-28 10:43:07.9241336] UObjectBase::InputComponent = 0x160
[2024-09-28 10:43:07.9241408] UObjectBase::OnTakePointDamage = 0x1D1
[2024-09-28 10:43:07.9241478] UObjectBase::LastRenderTime = 0x17C
[2024-09-28 10:43:07.9241544] UObjectBase::RemoteRole = 0x68
[2024-09-28 10:43:07.9241609] UObjectBase::Layers = 0x1A8
[2024-09-28 10:43:07.9241683] UObjectBase::MinNetUpdateFrequency = 0x174
[2024-09-28 10:43:07.9241757] UObjectBase::TimerHandle_LifeSpanExpired = 0x1A0
[2024-09-28 10:43:07.9241827] UObjectBase::OnTakeAnyDamage = 0x1D0
[2024-09-28 10:43:07.9241915] UObjectBase::NetCullDistanceSquared = 0x168
[2024-09-28 10:43:07.9241994] UObjectBase::OnActorEndOverlap = 0x1D4
[2024-09-28 10:43:07.9242066] UObjectBase::NetDormancy = 0x151
[2024-09-28 10:43:07.9242140] UObjectBase::NetDriverName = 0x148
[2024-09-28 10:43:07.9242213] UObjectBase::NetTag = 0x16C
[2024-09-28 10:43:07.9242284] UObjectBase::NetPriority = 0x178
[2024-09-28 10:43:07.9242352] UObjectBase::PrimaryActorTick = 0x28
[2024-09-28 10:43:07.9242420] UObjectBase::NetUpdateFrequency = 0x170
[2024-09-28 10:43:07.9242482] UObjectBase::OnClicked = 0x1D7
[2024-09-28 10:43:07.9242547] UObjectBase::OnActorBeginOverlap = 0x1D3
[2024-09-28 10:43:07.9242615] UObjectBase::OnActorHit = 0x1DD
[2024-09-28 10:43:07.9242678] UObjectBase::StatHitchesData = 0x3A0
[2024-09-28 10:43:07.9242741] UObjectBase::OnBeginCursorOver = 0x1D5
[2024-09-28 10:43:07.9242809] UObjectBase::OnDestroyed = 0x1DE
[2024-09-28 10:43:07.9242868] UObjectBase::OnInputTouchEnter = 0x1DB
[2024-09-28 10:43:07.9242932] UObjectBase::bHasAudioFocus = 0xFC
[2024-09-28 10:43:07.9242998] UObjectBase::OnEndPlay = 0x1DF
[2024-09-28 10:43:07.9243063] UObjectBase::OnInputTouchBegin = 0x1D9
[2024-09-28 10:43:07.9243124] UObjectBase::OnInputTouchLeave = 0x1DC
[2024-09-28 10:43:07.9243199] UObjectBase::OnReleased = 0x1D8
[2024-09-28 10:43:07.9243286] UObjectBase::OnTakeRadialDamage = 0x1D2
[2024-09-28 10:43:07.9243368] UObjectBase::Owner = 0x140
[2024-09-28 10:43:07.9243454] UObjectBase::ParentComponent = 0x1B8
[2024-09-28 10:43:07.9243530] UObjectBase::RayTracingGroupId = 0x6C
[2024-09-28 10:43:07.9243605] UObjectBase::ReplicatedComponentsInfo = 0x1F0
[2024-09-28 10:43:07.9243674] UObjectBase::ReplicatedMovement = 0xD0
[2024-09-28 10:43:07.9243748] UObjectBase::UpdateOverlapsMethodDuringLevelStreaming = 0x5E
[2024-09-28 10:43:07.9243829] UObjectBase::ReplicatedSubObjects = 0x1E0
[2024-09-28 10:43:07.9243900] UObjectBase::Role = 0x150
[2024-09-28 10:43:07.9243968] UObjectBase::RootComponent = 0x198
[2024-09-28 10:43:07.9244050] UObjectBase::SpawnCollisionHandlingMethod = 0x152
[2024-09-28 10:43:07.9244124] UObjectBase::bNetStartup = 0x58
[2024-09-28 10:43:07.9244198] UObjectBase::bActorIsBeingConstructed = 0x5D
[2024-09-28 10:43:07.9244271] UObjectBase::bActorBeginningPlayFromLevelStreaming = 0x5C
[2024-09-28 10:43:07.9244345] UObjectBase::bAllowReceiveTickEventOnDedicatedServer = 0x5B
[2024-09-28 10:43:07.9244421] UObjectBase::bIsMouseOverClient = 0x3AD
[2024-09-28 10:43:07.9244495] UObjectBase::bActorEnableCollision = 0x5C
[2024-09-28 10:43:07.9244569] UObjectBase::bActorInitialized = 0x5C
[2024-09-28 10:43:07.9244641] UObjectBase::bActorIsBeingDestroyed = 0x5D
[2024-09-28 10:43:07.9244714] UObjectBase::bActorSeamlessTraveled = 0x5B
[2024-09-28 10:43:07.9244791] UObjectBase::bActorWantsDestroyDuringBeginPlay = 0x5D
[2024-09-28 10:43:07.9244871] UObjectBase::bAlwaysRelevant = 0x58
[2024-09-28 10:43:07.9244941] UObjectBase::bAsyncPhysicsTickEnabled = 0x5D
[2024-09-28 10:43:07.9245014] UObjectBase::bAutoDestroyWhenFinished = 0x5A
[2024-09-28 10:43:07.9245091] UObjectBase::bBlockInput = 0x5A
[2024-09-28 10:43:07.9245165] UObjectBase::bCallPreReplication = 0x58
[2024-09-28 10:43:07.9245239] UObjectBase::bCallPreReplicationForReplay = 0x58
[2024-09-28 10:43:07.9245312] UObjectBase::bCanBeDamaged = 0x5A
[2024-09-28 10:43:07.9245424] UObjectBase::bCanBeInCluster = 0x5B
[2024-09-28 10:43:07.9245534] UObjectBase::bCollideWhenPlacing = 0x5A
[2024-09-28 10:43:07.9245616] UObjectBase::bHasRegisteredAllComponents = 0x5C
[2024-09-28 10:43:07.9245689] UObjectBase::bEnableAutoLODGeneration = 0x5B
[2024-09-28 10:43:07.9245761] UObjectBase::bExchangedRoles = 0x59
[2024-09-28 10:43:07.9245874] UObjectBase::bGenerateOverlapEventsDuringLevelStreaming = 0x5A
[2024-09-28 10:43:07.9245945] UObjectBase::bHasFinishedSpawning = 0x5C
[2024-09-28 10:43:07.9246008] UObjectBase::bHidden = 0x58
[2024-09-28 10:43:07.9246076] UObjectBase::bIgnoresOriginShifting = 0x5A
[2024-09-28 10:43:07.9246142] UObjectBase::bIsEditorOnlyActor = 0x5B
[2024-09-28 10:43:07.9246205] UObjectBase::bNetCheckedInitialPhysicsState = 0x5B
[2024-09-28 10:43:07.9246267] UObjectBase::bNetLoadOnClient = 0x59
[2024-09-28 10:43:07.9246333] UObjectBase::bNetUseOwnerRelevancy = 0x59
[2024-09-28 10:43:07.9246394] UObjectBase::bOnlyRelevantToOwner = 0x58
[2024-09-28 10:43:07.9246463] UObjectBase::bRelevantForLevelBounds = 0x59
[2024-09-28 10:43:07.9246539] UObjectBase::bRelevantForNetworkReplays = 0x59
[2024-09-28 10:43:07.9246614] UObjectBase::bReplayRewindable = 0x59
[2024-09-28 10:43:07.9246682] UObjectBase::bReplicateMovement = 0x58
[2024-09-28 10:43:07.9246746] UObjectBase::bReplicateUsingRegisteredSubObjectList = 0x5B
[2024-09-28 10:43:07.9246837] UObjectBase::bReplicates = 0x5B
[2024-09-28 10:43:07.9246921] UObjectBase::bRunningUserConstructionScript = 0x5C
[2024-09-28 10:43:07.9247008] UObjectBase::bTearOff = 0x59
[2024-09-28 10:43:07.9247091] UObjectBase::bTickFunctionsRegistered = 0x5C
[2024-09-28 10:43:07.9247167] UObjectBase::ActiveSplitscreenType = 0x70
[2024-09-28 10:43:07.9247238] UObjectBase::AudioDeviceHandle = 0xF8
[2024-09-28 10:43:07.9247309] UObjectBase::CurrentBufferVisualizationMode = 0x130
[2024-09-28 10:43:07.9247384] UObjectBase::CurrentGroomVisualizationMode = 0x150
[2024-09-28 10:43:07.9247456] UObjectBase::CurrentLumenVisualizationMode = 0x140
[2024-09-28 10:43:07.9247532] UObjectBase::CurrentNaniteVisualizationMode = 0x138
[2024-09-28 10:43:07.9247606] UObjectBase::CurrentStrataVisualizationMode = 0x148
[2024-09-28 10:43:07.9247679] UObjectBase::CurrentVirtualShadowMapVisualizationMode = 0x158
[2024-09-28 10:43:07.9247754] UObjectBase::CursorWidgets = 0x210
[2024-09-28 10:43:07.9247830] UObjectBase::DebugProperties = 0x48
[2024-09-28 10:43:07.9247905] UObjectBase::GameLayerManagerPtr = 0x120
[2024-09-28 10:43:07.9247979] UObjectBase::HardwareCursorCache = 0x170
[2024-09-28 10:43:07.9248051] UObjectBase::HardwareCursors = 0x1C0
[2024-09-28 10:43:07.9248122] UObjectBase::HighResScreenshotDialog = 0x160
[2024-09-28 10:43:07.9248194] UObjectBase::MaxSplitscreenPlayers = 0x68
[2024-09-28 10:43:07.9248273] UObjectBase::MouseCaptureMode = 0x3AA
[2024-09-28 10:43:07.9248345] UObjectBase::MouseLockMode = 0x3AC
[2024-09-28 10:43:07.9248419] UObjectBase::SplitscreenInfo = 0x58
[2024-09-28 10:43:07.9248493] UObjectBase::StatUnitData = 0x398
[2024-09-28 10:43:07.9248566] UObjectBase::ViewModeIndex = 0xB0
[2024-09-28 10:43:07.9248638] UObjectBase::Viewport = 0xE8
[2024-09-28 10:43:07.9248710] UObjectBase::ViewportConsole = 0x40
[2024-09-28 10:43:07.9248779] UObjectBase::ViewportFrame = 0xF0
[2024-09-28 10:43:07.9248852] UObjectBase::ViewportOverlayWidget = 0x110
[2024-09-28 10:43:07.9248923] UObjectBase::Window = 0x100
[2024-09-28 10:43:07.9248995] UObjectBase::bDisableSplitScreenOverride = 0x3A8
[2024-09-28 10:43:07.9249087] UObjectBase::bDisableWorldRendering = 0x6C
[2024-09-28 10:43:07.9249169] UObjectBase::bHideCursorDuringCapture = 0x3AB
[2024-09-28 10:43:07.9249242] UObjectBase::bIgnoreInput = 0x3A9
[2024-09-28 10:43:07.9249317] UObjectBase::bIsPlayInEditorViewport = 0x6C
[2024-09-28 10:43:07.9249387] UObjectBase::bShowTitleSafeZone = 0x6C
[2024-09-28 10:43:07.9249450] UObjectBase::bSuppressTransitionMessage = 0x88
[2024-09-28 10:43:07.9249518] UObjectBase::bUseSoftwareCursorWidgets = 0x260
[2024-09-28 10:43:07.9249588] UScriptStruct::StructFlags = 0xB0
[2024-09-28 10:43:07.9250306] UScriptStruct::CppStructOps = 0xB8
[2024-09-28 10:43:07.9250432] UScriptStruct::bPrepareCppStructOpsCompleted = 0xB4
[2024-09-28 10:43:07.9250520] UScriptStruct::ICppStructOps::Alignment = 0xC
[2024-09-28 10:43:07.9250599] UScriptStruct::ICppStructOps::Size = 0x8
[2024-09-28 10:43:07.9250672] FField::ClassPrivate = 0x8
[2024-09-28 10:43:07.9250744] FField::NamePrivate = 0x28
[2024-09-28 10:43:07.9250843] FField::FlagsPrivate = 0x30
[2024-09-28 10:43:07.9250916] FField::Next = 0x20
[2024-09-28 10:43:07.9250985] FField::Owner = 0x10
[2024-09-28 10:43:07.9251060] FOutputDevice::bAutoEmitLineTerminator = 0x9
[2024-09-28 10:43:07.9251133] FOutputDevice::bSuppressEventTag = 0x8
[2024-09-28 10:43:07.9251204] FEnumProperty::Enum = 0x80
[2024-09-28 10:43:07.9251277] FEnumProperty::UnderlyingProp = 0x78
[2024-09-28 10:43:07.9251350] UStruct::DestructorLink = 0x80
[2024-09-28 10:43:07.9251422] UStruct::Children = 0x48
[2024-09-28 10:43:07.9251494] UStruct::ChildProperties = 0x50
[2024-09-28 10:43:07.9251573] UStruct::PostConstructLink = 0x88
[2024-09-28 10:43:07.9251647] UStruct::UnresolvedScriptProperties = 0xA0
[2024-09-28 10:43:07.9251726] UStruct::MinAlignment = 0x5C
[2024-09-28 10:43:07.9251802] UStruct::PropertiesSize = 0x58
[2024-09-28 10:43:07.9251875] UStruct::PropertyLink = 0x70
[2024-09-28 10:43:07.9251945] UStruct::RefLink = 0x78
[2024-09-28 10:43:07.9252020] UStruct::Script = 0x60
[2024-09-28 10:43:07.9252097] UStruct::ScriptAndPropertyObjectReferences = 0x90
[2024-09-28 10:43:07.9252171] UStruct::SuperStruct = 0x40
[2024-09-28 10:43:07.9252250] UFunction::EventGraphCallOffset = 0xD0
[2024-09-28 10:43:07.9252325] UFunction::EventGraphFunction = 0xC8
[2024-09-28 10:43:07.9252412] UFunction::RPCId = 0xBA
[2024-09-28 10:43:07.9252491] UFunction::FirstPropertyToInit = 0xC0
[2024-09-28 10:43:07.9252565] UFunction::Func = 0xD8
[2024-09-28 10:43:07.9252638] UFunction::FunctionFlags = 0xB0
[2024-09-28 10:43:07.9252715] UFunction::NumParms = 0xB4
[2024-09-28 10:43:07.9252783] UFunction::ParmsSize = 0xB6
[2024-09-28 10:43:07.9252846] UFunction::RPCResponseId = 0xBC
[2024-09-28 10:43:07.9252909] UFunction::ReturnValueOffset = 0xB8
[2024-09-28 10:43:07.9252975] UField::Next = 0x28
[2024-09-28 10:43:07.9253040] FProperty::ArrayDim = 0x38
[2024-09-28 10:43:07.9253103] FProperty::DestructorLinkNext = 0x68
[2024-09-28 10:43:07.9253170] FProperty::ElementSize = 0x3C
[2024-09-28 10:43:07.9253231] FProperty::NextRef = 0x60
[2024-09-28 10:43:07.9253297] FProperty::Offset_Internal = 0x4C
[2024-09-28 10:43:07.9253367] FProperty::PostConstructLinkNext = 0x70
[2024-09-28 10:43:07.9253436] FProperty::PropertyLinkNext = 0x58
[2024-09-28 10:43:07.9253504] FProperty::PropertyFlags = 0x40
[2024-09-28 10:43:07.9253570] FProperty::RepIndex = 0x48
[2024-09-28 10:43:07.9253634] FProperty::RepNotifyFunc = 0x50
[2024-09-28 10:43:07.9253699] UWorld::BlockTillLevelStreamingCompletedEpoch = 0x144
[2024-09-28 10:43:07.9253771] UWorld::bAllowAudioPlayback = 0x13E
[2024-09-28 10:43:07.9253842] UWorld::ActiveLevelCollectionIndex = 0x190
[2024-09-28 10:43:07.9253922] UWorld::AudioTimeSeconds = 0x6C0
[2024-09-28 10:43:07.9253985] UWorld::CommittedPersistentLevelName = 0x748
[2024-09-28 10:43:07.9254051] UWorld::bInTick = 0x13B
[2024-09-28 10:43:07.9254115] UWorld::LWILastAssignedUID = 0x258
[2024-09-28 10:43:07.9254177] UWorld::CleanupWorldTag = 0x754
[2024-09-28 10:43:07.9254240] UWorld::bTickNewlySpawned = 0x13B
[2024-09-28 10:43:07.9254309] UWorld::AuthorityGameMode = 0x150
[2024-09-28 10:43:07.9254369] UWorld::DeltaRealTimeSeconds = 0x6C8
[2024-09-28 10:43:07.9254436] UWorld::BuildStreamingDataTimer = 0x490
[2024-09-28 10:43:07.9254499] UWorld::bPlayersOnly = 0x13D
[2024-09-28 10:43:07.9254562] UWorld::DeltaTimeSeconds = 0x6CC
[2024-09-28 10:43:07.9254627] UWorld::ExtraReferencedObjects = 0x68
[2024-09-28 10:43:07.9254691] UWorld::PreparingLevelNames = 0x738
[2024-09-28 10:43:07.9254754] UWorld::IsInBlockTillLevelStreamingCompleted = 0x140
[2024-09-28 10:43:07.9254821] UWorld::bIsRunningConstructionScript = 0x13C
[2024-09-28 10:43:07.9254886] UWorld::bAllowDeferredPhysicsStateCreation = 0x108
[2024-09-28 10:43:07.9254984] UWorld::LastRenderTime = 0x130
[2024-09-28 10:43:07.9255070] UWorld::LastTimeUnbuiltLightingWasEncountered = 0x6A0
[2024-09-28 10:43:07.9255138] UWorld::bHasEverBeenInitialized = 0x13F
[2024-09-28 10:43:07.9255205] UWorld::NextSwitchCountdown = 0x708
[2024-09-28 10:43:07.9255280] UWorld::bMaterialParameterCollectionInstanceNeedsDeferredUpdate = 0x13F
[2024-09-28 10:43:07.9255360] UWorld::RealTimeSeconds = 0x6B8
[2024-09-28 10:43:07.9255421] UWorld::NextURL = 0x728
[2024-09-28 10:43:07.9255487] UWorld::NumStreamingLevelsBeingLoaded = 0x722
[2024-09-28 10:43:07.9255552] UWorld::PauseDelay = 0x6D0
[2024-09-28 10:43:07.9255624] UWorld::PerModuleDataObjects = 0x78
[2024-09-28 10:43:07.9255709] UWorld::bIsDefaultLevel = 0x13C
[2024-09-28 10:43:07.9255838] UWorld::PlayerNum = 0x660
[2024-09-28 10:43:07.9255930] UWorld::bAggressiveLOD = 0x13C
[2024-09-28 10:43:07.9255998] UWorld::StreamingLevelsPrefix = 0xC8
[2024-09-28 10:43:07.9256073] UWorld::bTriggerPostLoadMap = 0x13B
[2024-09-28 10:43:07.9256141] UWorld::bIsLevelStreamingFrozen = 0x13B
[2024-09-28 10:43:07.9256209] UWorld::StreamingVolumeUpdateDelay = 0x664
[2024-09-28 10:43:07.9256280] UWorld::bIsBuilt = 0x13B
[2024-09-28 10:43:07.9256348] UWorld::TimeSeconds = 0x6A8
[2024-09-28 10:43:07.9256418] UWorld::UnpausedTimeSeconds = 0x6B0
[2024-09-28 10:43:07.9256489] UWorld::bActorsInitialized = 0x13C
[2024-09-28 10:43:07.9256559] UWorld::bIsTearingDown = 0x13D
[2024-09-28 10:43:07.9256634] UWorld::bAreConstraintsDirty = 0x13E
[2024-09-28 10:43:07.9256706] UWorld::bBegunPlay = 0x13D
[2024-09-28 10:43:07.9256778] UWorld::bDebugPauseExecution = 0x13D
[2024-09-28 10:43:07.9256852] UWorld::bDoDelayedUpdateCullDistanceVolumes = 0x13C
[2024-09-28 10:43:07.9256923] UWorld::bRequestedBlockOnAsyncLoading = 0x13C
[2024-09-28 10:43:07.9256993] UWorld::bDropDetail = 0x13C
[2024-09-28 10:43:07.9257062] UWorld::bMatchStarted = 0x13D
[2024-09-28 10:43:07.9257135] UWorld::bIsCameraMoveableWhenPaused = 0x13E
[2024-09-28 10:43:07.9257205] UWorld::bShouldSimulatePhysics = 0x13C
[2024-09-28 10:43:07.9257277] UWorld::bIsWorldInitialized = 0x13B
[2024-09-28 10:43:07.9257350] UWorld::bKismetScriptError = 0x13D
[2024-09-28 10:43:07.9257421] UWorld::bMarkedObjectsPendingKill = 0x750
[2024-09-28 10:43:07.9257499] UWorld::bWorldWasLoadedThisTick = 0x13B
[2024-09-28 10:43:07.9257577] UWorld::bPlayersOnlyPending = 0x13D
[2024-09-28 10:43:07.9257649] UWorld::bPostTickComponentUpdate = 0x13B
[2024-09-28 10:43:07.9257719] UWorld::bRequiresHitProxies = 0x13E
[2024-09-28 10:43:07.9257791] UWorld::bShouldForceUnloadStreamingLevels = 0x13E
[2024-09-28 10:43:07.9257870] UWorld::bShouldForceVisibleStreamingLevels = 0x13E
[2024-09-28 10:43:07.9257945] UWorld::bShouldTick = 0x13E
[2024-09-28 10:43:07.9258016] UWorld::bStartup = 0x13D
[2024-09-28 10:43:07.9258086] UWorld::bStreamingDataDirty = 0x13E
[2024-09-28 10:43:07.9258165] UClass::bLayoutChanging = 0xD1
[2024-09-28 10:43:07.9258254] UClass::ClassWithin = 0xE0
[2024-09-28 10:43:07.9258337] UClass::bCooked = 0xD0
[2024-09-28 10:43:07.9258412] UClass::ClassConfigName = 0xE8
[2024-09-28 10:43:07.9258489] UClass::ClassConstructor = 0xB0
[2024-09-28 10:43:07.9258566] UClass::ClassDefaultObject = 0x110
[2024-09-28 10:43:07.9258631] UClass::ClassFlags = 0xD4
[2024-09-28 10:43:07.9258692] UClass::ClassUnique = 0xC8
[2024-09-28 10:43:07.9258757] UClass::ClassVTableHelperCtorCaller = 0xB8
[2024-09-28 10:43:07.9258823] UClass::FirstOwnedClassRep = 0xCC
[2024-09-28 10:43:07.9258889] UClass::FuncMap = 0x128
[2024-09-28 10:43:07.9258949] UClass::Interfaces = 0x1D8
[2024-09-28 10:43:07.9259011] UClass::NetFields = 0x100
[2024-09-28 10:43:07.9259077] UClass::SparseClassData = 0x118
[2024-09-28 10:43:07.9259142] UClass::SparseClassDataStruct = 0x120
[2024-09-28 10:43:07.9259204] UClass::SuperFuncMap = 0x180
[2024-09-28 10:43:07.9259264] UEnum::CppForm = 0x50
[2024-09-28 10:43:07.9259333] UEnum::CppType = 0x30
[2024-09-28 10:43:07.9259402] UEnum::EnumDisplayNameFn = 0x58
[2024-09-28 10:43:07.9259470] UEnum::Names = 0x40
[2024-09-28 10:43:07.9259593] UEnum::EnumFlags_Internal = 0x54
[2024-09-28 10:43:07.9259712] UEnum::EnumPackage = 0x60
[2024-09-28 10:43:07.9259809] FObjectPropertyBase::PropertyClass = 0x78
[2024-09-28 10:43:07.9259940] FDelegateProperty::SignatureFunction = 0x78
[2024-09-28 10:43:07.9260028] FMulticastDelegateProperty::SignatureFunction = 0x78
[2024-09-28 10:43:07.9260111] FSetProperty::ElementProp = 0x78
[2024-09-28 10:43:07.9260186] FStructProperty::Struct = 0x78
[2024-09-28 10:43:07.9260258] FArrayProperty::Inner = 0x78
[2024-09-28 10:43:07.9260328] FArrayProperty::ArrayFlags = 0x80
[2024-09-28 10:43:07.9260402] FMapProperty::KeyProp = 0x78
[2024-09-28 10:43:07.9260476] FMapProperty::MapFlags = 0xA0
[2024-09-28 10:43:07.9260553] FMapProperty::ValueProp = 0x80
[2024-09-28 10:43:07.9260629] FBoolProperty::FieldMask = 0x7B
[2024-09-28 10:43:07.9260702] FBoolProperty::ByteMask = 0x7A
[2024-09-28 10:43:07.9260812] FBoolProperty::FieldSize = 0x78
[2024-09-28 10:43:07.9260888] FBoolProperty::ByteOffset = 0x79
[2024-09-28 10:43:07.9260963] FByteProperty::Enum = 0x78
[2024-09-28 10:43:07.9261036] FClassProperty::MetaClass = 0x80
[2024-09-28 10:43:07.9261111] FSoftClassProperty::MetaClass = 0x80
[2024-09-28 10:43:07.9261195] FInterfaceProperty::InterfaceClass = 0x78
[2024-09-28 10:43:07.9261275] FFieldPathProperty::PropertyClass = 0x78
[2024-09-28 10:43:07.9261345] 
##### MEMBER OFFSETS END #####

[2024-09-28 10:43:07.9261426] m_shared_functions: 0x1b920a48fb8
[2024-09-28 10:43:08.0329971] Enabling custom events
[2024-09-28 10:43:08.0375427] Starting mods (from mods.txt load order)...
[2024-09-28 10:43:08.0377743] Starting Lua mod 'BPML_GenericFunctions'
[2024-09-28 10:43:08.0503607] Starting Lua mod 'BPModLoaderMod'
[2024-09-28 10:43:08.0617967] [Lua] Mods/BPModLoaderMod/load_order.txt not present or no matching mods, loading all BP mods in random order.[2024-09-28 10:43:08.0618339] [Lua] FreeCamera_P == table: 000001B9074B9320
[2024-09-28 10:43:08.0618473] [Lua]     AssetName == ModActor_C
[2024-09-28 10:43:08.0618572] [Lua]     Name == FreeCamera_P
[2024-09-28 10:43:08.0618672] [Lua]     AssetPath == /Game/Mods/FreeCamera_P/ModActor
[2024-09-28 10:43:08.0618807] [Lua]     AssetNameAsFName == FNameUserdata: 000001B9073461D8
[2024-09-28 10:43:08.0619257] Starting Lua mod 'CheatManagerEnablerMod'
[2024-09-28 10:43:08.0735929] [RegisterHook] Registered native hook (1, 2) for Function /Script/Engine.PlayerController:ClientRestart
[2024-09-28 10:43:08.0736485] Mod 'ActorDumperMod' disabled in mods.txt.
[2024-09-28 10:43:08.0736640] Starting Lua mod 'ConsoleCommandsMod'
[2024-09-28 10:43:08.1035793] Starting Lua mod 'ConsoleEnablerMod'
[2024-09-28 10:43:08.1213733] [Lua] [ConsoleEnabler] Was unable to find an instance of UEngine
[2024-09-28 10:43:08.1218937] Mod 'SplitScreenMod' disabled in mods.txt.
[2024-09-28 10:43:08.1219149] Mod 'LineTraceMod' disabled in mods.txt.
[2024-09-28 10:43:08.1219264] Mod 'jsbLuaProfilerMod' disabled in mods.txt.
[2024-09-28 10:43:08.1219436] Starting Lua mod 'Keybinds'
[2024-09-28 10:43:08.1233840] Starting mods (from enabled.txt, no defined load order)...
[2024-09-28 10:43:08.1239228] Event loop start
[2024-09-28 10:43:12.3644724] [Lua] Loading mod: FreeCamera_P
[2024-09-28 10:43:12.4011337] [Lua] [ConsoleEnabler] ConsoleKey[1]: F10
[2024-09-28 10:43:12.4561634] [Lua] Actor: ModActor_C /Game/Maps/Menus/MainMenu.MainMenu:PersistentLevel.ModActor_C_2147482440
[2024-09-28 10:43:12.4562210] [Lua] PreBeginPlay not valid
[2024-09-28 10:43:12.4569699] [Lua] [CheatManager Creator] Constructed CheatManager [0x1B94F5DB140]
[2024-09-28 10:43:12.4570080] [Lua] [CheatManager Creator] Enabled CheatManager
[2024-09-28 10:43:38.4264233] [Lua] Loading mod: FreeCamera_P
[2024-09-28 10:43:38.4273566] [Lua] [ConsoleEnabler] ConsoleKey[1]: F10
[2024-09-28 10:43:38.4323062] [Lua] Actor: ModActor_C /Game/Maps/Main.Main:PersistentLevel.ModActor_C_2147481366
[2024-09-28 10:43:38.4323550] [Lua] PreBeginPlay not valid
[2024-09-28 10:43:51.8404290] [Lua] [CheatManager Creator] Constructed CheatManager [0x1BC240BBF40]
[2024-09-28 10:43:51.8404937] [Lua] [CheatManager Creator] Enabled CheatManager
